2016-09-17 16:53:19 INFO:motsai.test:Generating the data from the raw files in the package. These raw files reside under extdata.
2016-09-17 16:53:19 INFO:motsai.test:Loading data from : /Library/Frameworks/R.framework/Versions/3.3/Resources/library/motsai/extdata/up/1
2016-09-17 16:53:23 INFO:motsai.test:Loading data from : /Library/Frameworks/R.framework/Versions/3.3/Resources/library/motsai/extdata/up/2
2016-09-17 16:53:31 INFO:motsai.test:Loading data from : /Library/Frameworks/R.framework/Versions/3.3/Resources/library/motsai/extdata/up/3
2016-09-17 16:53:44 INFO:motsai.test:Loading data from : /Library/Frameworks/R.framework/Versions/3.3/Resources/library/motsai/extdata/up/4
2016-09-17 16:53:57 INFO:motsai.test:Loading data from : /Library/Frameworks/R.framework/Versions/3.3/Resources/library/motsai/extdata/down/1
2016-09-17 16:54:00 INFO:motsai.test:Loading data from : /Library/Frameworks/R.framework/Versions/3.3/Resources/library/motsai/extdata/down/2
2016-09-17 16:54:08 INFO:motsai.test:Loading data from : /Library/Frameworks/R.framework/Versions/3.3/Resources/library/motsai/extdata/down/3
2016-09-17 16:54:22 INFO:motsai.test:Loading data from : /Library/Frameworks/R.framework/Versions/3.3/Resources/library/motsai/extdata/down/4
2016-09-17 16:54:35 INFO:motsai.test:Loading data from : /Library/Frameworks/R.framework/Versions/3.3/Resources/library/motsai/extdata/flat/1
2016-09-17 16:54:49 INFO:motsai.test:Loading data from : /Library/Frameworks/R.framework/Versions/3.3/Resources/library/motsai/extdata/flat/2
2016-09-17 16:54:58 INFO:motsai.test:Loading data from : /Library/Frameworks/R.framework/Versions/3.3/Resources/library/motsai/extdata/flat/3
2016-09-17 16:55:09 INFO:motsai.test:Merge all the data frames into one data frame.
2016-09-17 16:55:09 INFO:motsai.test:Remove the highly correlated metrics.
2016-09-17 16:55:09 INFO:motsai.redundancy:Applying the Redundancy Analysis to remove the highly correlated metrics
2016-09-17 17:10:14 INFO:motsai.redundancy:Number of metrics removed : 76
2016-09-17 17:10:14 INFO:motsai.redundancy:The remaining metrics are : mad_roll1, mad_pitch, mad_yaw1, mad_yaw2, mad_fx, mad_fy, mad_fz, mad_gx, mad_gy, mad_gz, mad_mx, mad_my, mad_mz, mean_az, mean_roll1, mean_yaw1, mean_yaw2, mean_fz, mean_gx, mean_gy, median_ay, median_az, median_roll2, median_pitch, median_fx, median_fy, median_fz, median_gy, median_gz, median_my, median_mz, rms_mx, var_ax, var_ay, var_roll2, var_yaw1, var_yaw2, var_fz, var_gx, var_gz, var_mx, var_my, var_mz
2016-09-17 17:10:14 INFO:motsai.test:Building the up model.
2016-09-17 17:10:14 INFO:motsai.model:Building the model using the metrics that are not correlated!
2016-09-17 17:10:15 INFO:motsai.model:Extract only the statistically significant metrics from the first model and re-build it using them.
2016-09-17 17:10:15 INFO:motsai.model:Building the probability formula.
2016-09-17 17:10:15 INFO:motsai.equation:Number of Metrics Used to Generate the Estaimate Probability Equation : 9
2016-09-17 17:10:15 INFO:motsai.test:Building the down model
2016-09-17 17:10:15 INFO:motsai.model:Building the model using the metrics that are not correlated!
2016-09-17 17:10:15 INFO:motsai.model:Extract only the statistically significant metrics from the first model and re-build it using them.
2016-09-17 17:10:15 INFO:motsai.model:Building the probability formula.
2016-09-17 17:10:15 INFO:motsai.equation:Number of Metrics Used to Generate the Estaimate Probability Equation : 16
2016-09-17 17:10:15 INFO:motsai.test:Building the flat model
2016-09-17 17:10:15 INFO:motsai.model:Building the model using the metrics that are not correlated!
2016-09-17 17:10:15 INFO:motsai.model:Extract only the statistically significant metrics from the first model and re-build it using them.
2016-09-17 17:10:16 INFO:motsai.model:Building the probability formula.
2016-09-17 17:10:16 INFO:motsai.equation:Number of Metrics Used to Generate the Estaimate Probability Equation : 6
2016-09-17 17:10:16 INFO:motsai.test:Naming the steps from 0,1,2 to up, down, flat
2016-09-17 17:10:16 INFO:motsai.test:Calculate the Estaimate Probability of Each Model
2016-09-17 17:10:16 INFO:motsai.test:Split the Data Based on Step (Up, down or Flat)
2016-09-17 17:10:16 INFO:motsai.test:Show the Step and the Probability of It Being Up
2016-09-17 17:10:16 INFO:motsai.test:Show the Percentage of the Correct Detection
2016-09-17 17:10:16 INFO:motsai.test:Show the Step and the Probability of It Being Down
2016-09-17 17:10:16 INFO:motsai.test:Show the Percentage of the Correct Detection
2016-09-17 17:10:16 INFO:motsai.test:Show the Step and the Probability of It Being Flat
2016-09-17 17:10:16 INFO:motsai.test:Show the Percentage of the Correct Detection
2016-09-17 17:14:30 INFO:motsai.test:Show the Step and the Probability of It Being Up
2016-09-17 17:14:30 INFO:motsai.test:Show the Percentage of the Correct Detection
2016-09-17 17:14:30 INFO:motsai.test:Show the Step and the Probability of It Being Down
2016-09-17 17:14:30 INFO:motsai.test:Show the Percentage of the Correct Detection
2016-09-17 17:14:30 INFO:motsai.test:Show the Step and the Probability of It Being Flat
2016-09-17 17:16:46 INFO:motsai.test:Generating the data from the raw files in the package. These raw files reside under extdata.
2016-09-17 17:16:46 INFO:motsai.test:Loading data from : /Library/Frameworks/R.framework/Versions/3.3/Resources/library/motsai/extdata/up/1
2016-09-17 17:16:49 INFO:motsai.test:Loading data from : /Library/Frameworks/R.framework/Versions/3.3/Resources/library/motsai/extdata/up/2
2016-09-17 17:16:59 INFO:motsai.test:Loading data from : /Library/Frameworks/R.framework/Versions/3.3/Resources/library/motsai/extdata/up/3
2016-09-17 17:17:13 INFO:motsai.test:Loading data from : /Library/Frameworks/R.framework/Versions/3.3/Resources/library/motsai/extdata/up/4
